	_bsstart	= $d04a	; ?
	_FDX	= $e99b	; ?
	earlysetup	= $3971	; ?
	SPINDEXOUT	= $c00e	; unused
	READST	= $ffb7
	UBlock	= $ce3	; ?
	CRSRCOLOR	= $c01f
	GETPOS	= $e4a7
	CHKIN	= $ffc6
	_LIMIT_	= $ceff
	errbuf	= $1259	; ?
	l0	= $63
	_ENDSHADOW_	= $2c68	; ?
	TurboLoop	= $e198
	WTOP	= $c021
	Wait1	= $c0d5
	_drives	= $ea8	; ?
	SendB1	= $e030	; ?
	_p3f	= $db41
	_TMP	= $ea9b	; ?
	_p1f	= $db0b
	SendB0	= $e022	; ?
	_init_modem	= $3a3a	; ?
	ENDOFCODE	= $cdb7	; ?
	DlyLoop2	= $86f
	SendB3	= $e04c	; ?
	cmd	= $a6f	; ?
	CharOut	= $c261	; ?
	DESTADDR	= $b00
	SendB2	= $e03e	; ?
	_p5f	= $db8f
	StopCRSR	= $c1b1
	SendB5	= $e068	; ?
	stack_ptr	= $61
	SPMUTE	= $e3b9	; unused
	BORDERCLR	= $c009
	SendB4	= $e05a	; ?
	SendB7	= $e084	; ?
	SendB6	= $e076	; ?
	CmdA0	= $ca5d
	_SendByte	= $e00b
	OPEN	= $ffc0
	_DATA2	= $97c	; ?
	CmdA1	= $ca68
	_DATA1	= $12e1	; ?
	CmdA2	= $ca73
	CmdA3	= $ca8e
	CmdA4	= $caad
	_Yo	= $63
	CmdParTable	= $cd7f	; ?
	pbook0	= $107c	; ?
	pbook1	= $1143	; ?
	READKB	= $f142
	_dosetup	= $b18
	Bit6Is0	= $e071	; unused
	_Yc	= $6b
	dd2	= $c27d	; ?
	show_rate	= $cb4	; ?
	DOCOLR	= $e4e2
	Bit6Is1	= $e074	; ?
	TRXDelay	= $e223
	Irq	= $c54e	; ?
	dd1	= $c285	; ?
	IDString	= $cc64	; ?
	DRVlst	= $ab3	; ?
	DlyStart2	= $860
	FILTERED_INPUT	= $e31	; ?
	Mul162432	= $ea18	; ?
	BITMASK	= $e66f	; ?
	FNAME	= $2a7
	delfname	= $dec
	DrvDetect	= $986	; ?
	ENDSHADOW	= $dbb5	; ?
	ConfigVIC	= $c081	; unused
	dd4	= $c281	; ?
	Delay16	= $856	; unused
	rb1l	= $e0b2	; ?
	pfname_e	= $dfa
	_fimax	= $eff	; ?
	GETIN	= $ffe4
	Cmd98	= $c937
	Cmd99	= $c948
	STREAMBM	= $c01a
	TRXSend	= $e206
	rb1h	= $e0ad	; ?
	SETLFS	= $ffba
	BMRECT	= $e6ad	; ?
	edit_init	= $c55	; ?
	_MAKE_	= $1
	BMCLR	= $e401	; ?
	_curdrv	= $ea7	; ?
	pfname_n	= $df6
	_vhh	= $eaa7
	_load_drive	= $dfa	; ?
	_resp	= $e00	; ?
	c84start	= $e243	; unused
	Cmd90	= $c8d1
	BMPLOT	= $e539	; ?
	PALEND	= $e231	; ?
	Cmd91	= $c8f3
	T232BASE	= $de00
	CLRCHN	= $ffcc
	Cmd92	= $c912
	_vhl	= $eaa5
	MainPrg	= $c02d	; ?
	UPBGC	= $cb56	; ?
	bwrite	= $ca9	; ?
	ddrive	= $d72	; ?
	SYNCCOL	= $ea24
	TEMPCNT2	= $c023
	TEMPCNT1	= $c006
	NoChar	= $c548	; ?
	BBUF	= $600
	_subnull	= $ec5d	; ?
	_INTRO_	= $1
	device	= $a6e	; ?
	ReadByte	= $e099	; ?
	NMITRAN	= $fe43
	tempout	= $3b4c	; ?
	C82Next	= $c767	; ?
	_sudend	= $dbb5	; ?
	sut1	= $fab	; ?
	Bit7Is0	= $e07f	; unused
	Bit7Is1	= $e082	; ?
	SETNAM	= $ffbd
	sut3	= $1035	; ?
	IDQTY	= $9	; ?
	NOADD	= $d40d	; ?
	TurboRX	= $e186	; ?
	sut2	= $102a	; ?
	_cr1	= $c9f
	sut5	= $1078	; unused
	__D	= $63
	T232CONTROL	= $de03	; unused
	FG_BG	= $c99c	; ?
	sut4	= $1074	; unused
	match	= $a72	; ?
	_sudata	= $d455	; ?
	_dosetup2	= $b24
	VICREG	= $d000	; unused
	fdrive	= $f03
	cmd_end	= $a72	; ?
	AddTLoop1	= $c46c	; ?
	DoBpEnd	= $c53c	; ?
	bsend	= $ea8	; unused
	sut3_	= $105f	; ?
	PRBUFFERCNT	= $c00c
	CHRIN	= $ffcf
	UCRAM	= $c409	; ?
	ddCtrl	= $c2b6	; ?
	GetFromPrBuffer	= $c473
	_getDY	= $e97f	; ?
	_TRXDelay	= $e220
	MAXCMD	= $b7
	_getDX	= $e96c	; ?
	IDptr	= $afa	; ?
	PrintEnd	= $c20c	; ?
	ID1581	= $aca
	CalcB0	= $e017	; unused
	CalcB1	= $e025	; unused
	_Y2	= $e998	; ?
	DRIVES	= $e3f9	; ?
	c84_irq1	= $e234	; ?
	CalcB2	= $e033	; unused
	dx	= $6b
	_Y1	= $e997	; ?
	setupdata	= $dac7	; ?
	fopen	= $f04
	CalcB3	= $e041	; unused
	_TurboExit	= $e22b	; ?
	Msg07	= $ccfe	; unused
	CalcB4	= $e04f	; unused
	setup	= $3a5b	; ?
	Msg06	= $cce2	; ?
	CalcB5	= $e05d	; unused
	_ellip2	= $e8ce	; ?
	ID1541	= $abb
	Msg05	= $cca9	; ?
	_ellip1	= $e819	; ?
	bsave	= $b00	; ?
	CalcB6	= $e06b	; unused
	PRNINT	= $bdcd
	SendByte	= $e000	; ?
	CalcB7	= $e079	; unused
	_Cmd86	= $d01c	; ?
	_86data	= $d044	; ?
	channel	= $f02
	_m1	= $ea4f
	data_bck	= $dd6	; ?
	ReadByteLong	= $e0fa
	SECLSN	= $ff93
	MAKECRCTABLE	= $d3f2	; ?
	CCOL	= $9e
	cu1	= $c2ab	; ?
	_Cmd82	= $c6fd
	b3cancel2	= $cb98
	PALSTART	= $e186	; unused
	TXBYTE	= $c003
	rcount	= $d27	; ?
	Ras	= $97b	; ?
	cmpstr	= $a3f	; ?
	Credits	= $cc7c	; unused
	Cmd9D	= $ca11
	Bit4Is0	= $e055	; unused
	loadsetup	= $39d7	; ?
	TurboB3	= $e1c8	; unused
	Bit4Is1	= $e058	; ?
	Cmd9E	= $ca2c
	TurboB2	= $e1bd	; unused
	_PALSTART_	= $38c6	; ?
	ce0	= $c2b5
	TurboB1	= $e1b4	; unused
	PRSPEED	= $c018
	DELAYTIME	= $985	; ?
	loc10	= $3b49	; ?
	TurboB0	= $e1aa	; unused
	TurboB7	= $e1f2	; unused
	sidwrite	= $e2e9	; unused
	Cmd9A	= $c99f
	TurboB6	= $e1e7	; unused
	Cmd9B	= $c9d4
	TurboB5	= $e1dd	; unused
	WinScroll	= $c40f	; ?
	Cmd9C	= $c9ef
	TurboB4	= $e1d3	; unused
	putbyte	= $3aca	; ?
	a	= $0
	_RX2	= $e997	; ?
	T232COMMAND	= $de02	; unused
	SIDSTREAM_SYNC	= $c898	; ?
	work_buffer	= $1000
	_SHADOWCODE_	= $20b3	; ?
	CSIZE	= $58
	LISTEN	= $ffb1
	BMTST	= $e56c
	_BX2	= $e9a1	; ?
	RXBYTE	= $c004
	dsexit	= $bfa
	_cursor	= $ec7	; ?
	_BX1	= $e99d	; ?
	cycle_rates	= $c88	; ?
	UNLSN	= $ffae
	bck_data	= $dc0	; ?
	_START	= $80e	; unused
	T232DATA	= $de00	; unused
	_suend	= $dac6	; ?
	i	= $19
	_OldY	= $e9a9	; ?
	rechan	= $f1d
	FG_MC1	= $c99d	; ?
	BMPAINT	= $eaa9	; ?
	psave	= $f50	; ?
	AddCoord	= $ebf4	; ?
	IDVICE	= $aeb
	SETUP	= $c690	; ?
	CODESTART	= $c000	; ?
	Addr00	= $c6c4	; ?
	_sustart	= $d45b	; ?
	Addr20	= $c6cc	; ?
	EXTRAEND	= $ec5e	; ?
	_PALEND_	= $3971	; ?
	x	= $1
	VMODE	= $cb58	; ?
	Bit5Is0	= $e063	; unused
	y	= $2
	Bit5Is1	= $e066	; ?
	InitSID	= $c136	; ?
	C82Loop	= $c735
	MCPATT	= $e677	; ?
	Mul161624	= $ea07	; ?
	DX	= $6d
	DY	= $6f
	AddToPrBuffer	= $c485	; ?
	_MemCpy	= $d000
	plusdx	= $ebda
	URetry	= $d06	; ?
	BMLINE	= $e588	; ?
	ndrive	= $d4e	; ?
	_TRXWaitSt	= $e19a
	CancelRX	= $e0e1	; ?
	PRINDEXOUT	= $c010
	SPBUFFERCNT	= $c00b
	CLOSE	= $ffc3
	EndTimers	= $c573	; ?
	_preset5	= $db8e
	MIRQ	= $960	; ?
	_preset4	= $db67
	ExitPrg	= $c49d	; ?
	_preset3	= $db40
	StartBit	= $e11a	; ?
	_preset2	= $db19
	_TurboRX	= $e186	; unused
	STREAMCNT	= $c01e
	_preset1	= $daf2
	ReadString	= $d29	; ?
	VERSION	= $c027	; unused
	_SETUP	= $d41d	; ?
	_filter	= $ecb	; ?
	_p2f	= $db34
	_HARDTYPE_	= $38
	RXINDEXOUT	= $c012	; unused
	rate_offs	= $1167	; ?
	_p4f	= $db68
	y0	= $fe
	BYTECNT	= $61
	_ENDOFCODE_	= $20b3	; ?
	y1	= $69
	y2	= $6a
	ReadBLoop	= $c582
	pdrive	= $d61	; ?
	fclose	= $f14
	NoSpeech	= $c0dd	; unused
	CmdB1	= $cb04
	usr_irq	= $3b04	; ?
	CmdB0	= $cadb
	refresh_init	= $c3b	; ?
	CmdB3	= $cb59
	_sudf	= $dad7
	bst8	= $e79	; ?
	MOVLINE	= $e9c8
	CmdB2	= $cb3e
	suend	= $116b	; unused
	bst9	= $e8d	; ?
	IrqB3	= $cba6	; ?
	CmdB5	= $cc0a
	_Xo	= $61
	CmdB4	= $cbdf
	CmdB7	= $cc50
	FLAGS1	= $c00a
	CLRSCRN	= $e544
	CmdB6	= $cc35
	SPON	= $e379	; ?
	bst2	= $de7	; ?
	Bit2Is0	= $e039	; unused
	_TRXSend	= $e203
	_Xc	= $69
	PrintBuffer	= $c1d0	; ?
	_bmmode	= $c9ba	; ?
	Bit2Is1	= $e03c	; ?
	bst3	= $df0	; ?
	ddRev	= $c289	; ?
	Mul162424	= $ea13	; unused
	bst1	= $d94	; ?
	KRNIRQ	= $ea31
	DIVPOS	= $e47d
	bst6	= $e04	; ?
	LINSTRT	= $e9f0
	_ACC1	= $ea9c	; ?
	UPDCRC	= $ccf	; ?
	bst7	= $e66	; ?
	C82Addr	= $c759	; ?
	_ACC2	= $ea9e	; ?
	bst4	= $dfc	; ?
	bst5	= $e00	; ?
	TIRQ	= $978	; ?
	DIFY	= $62
	SHADOWCODE	= $d000	; unused
	ci1end	= $e2f3	; ?
	DIFX	= $61
	phone_book	= $cc1	; ?
	pfname	= $def
	RXINDEXIN	= $c013	; unused
	dosetup	= $b00	; ?
	ci1exit	= $e2b5	; ?
	_Plot4	= $e9ab	; ?
	SIDREGS	= $2a7
	screen_001	= $b0f	; ?
	IDSD2IEC	= $ad6
	Cmd84	= $c7f6
	_vmh	= $eaa8	; unused
	_TurboLoop	= $e198
	Cmd85	= $c899
	A4array	= $ec4b	; ?
	_ficount	= $f01	; ?
	Cmd86	= $c8c1
	MULTIPLY	= $ea1e	; unused
	BITLOOP	= $d3fb
	DlyNext2	= $876	; unused
	Cmd80	= $c69e
	bst1a	= $db0	; ?
	_DY	= $e9a1	; ?
	_vml	= $eaa6	; unused
	T232STATUS	= $de01	; unused
	Cmd81	= $c6ab
	SendStart	= $e014	; unused
	_DX	= $e99d	; ?
	STREAMFLAG	= $c00d
	Cmd82	= $c6d0
	Blink	= $c126	; ?
	Cmd83	= $c792
	KRNPLOT	= $e50a
	DoBeep2	= $c528	; ?
	udetect	= $8d6	; ?
	_CODESTART_	= $12fc	; ?
	outidx	= $3b4b	; ?
	CmdTable	= $cd0f	; ?
	PRINDEXIN	= $c011
	GetGfxParms	= $ca47	; ?
	suIRQ	= $c33	; ?
	SPINDEXIN	= $c00f	; unused
	result	= $a73	; ?
	T232ENSPEED	= $de07	; unused
	SendStop	= $e08f	; unused
	SpBuffer	= $ceb7	; ?	; unused
	STROUT	= $ab1e
	fibuffer	= $1259	; ?
	Version	= $cc7c	; ?
	Bit3Is0	= $e047	; unused
	_bsend	= $d3f2	; ?
	PrBuffer	= $cdb7	; ?
	Speak	= $c5e3	; ?
	Bit3Is1	= $e04a	; ?
	BMELLIPSE	= $e7c1	; ?
	CRC	= $740
	BYTELOOP	= $d3f4
	WaitStrt2	= $e0da
	_ir4	= $3b3e	; ?
	A4offsets	= $ec43	; ?
	WaitStrt1	= $e0c1
	Flg	= $97a	; ?
	MC2	= $c99e	; ?
	_filast	= $f00	; ?
	_sub6	= $ec5a	; ?
	chdrive	= $9d5	; ?
	set_prefs	= $e1a	; ?
	_sub5	= $ec58	; ?
	CURRCOLUMN	= $d3
	CRCHI	= $900
	_sub4	= $ec55	; ?
	RTTReset	= $e325	; ?
	_sub3	= $ec52	; ?
	uninstall	= $3aaf	; ?
	_D1	= $e9a5	; ?
	SNDSTATUS	= $c020
	_sub2	= $ec50	; ?
	_sub1	= $ec4d	; ?
	_sub0	= $ec4b	; ?
	IDtmp	= $b0e	; ?
	CRCLO	= $a00
	_D2	= $e9a5	; ?
	ddEnd	= $c28b	; ?
	_X1	= $e999	; ?
	YPOS	= $2af
	_EXTRAEND_	= $38c6	; ?
	YDES	= $2b3
	CHKCOL	= $e8cb
	WBOTTOM	= $c022
	ID1570	= $ac0
	b3cancel	= $cb95	; ?
	ID1571	= $ac5
	TRXWaitSt	= $e19a
	C82enable	= $c730	; unused
	busy	= $3b4a	; ?
	Beep	= $c50b	; ?
	IDULTI	= $add
	ExitIrq	= $c64d	; ?
	IDPI1541	= $af3
	PRBYTE	= $c015	; unused
	TIMER1	= $c016
	bcount	= $d04	; ?
	CURRLINEPTR	= $d1
	rates	= $1153	; ?
	Bit0Is0	= $e01d	; unused
	printstring	= $eb0	; ?
	Bit0Is1	= $e020	; ?
	loc02	= $3b48	; ?
	MEMOPEN	= $a3bf
	CHKOUT	= $ffc9
	loc01	= $3b47	; ?
	COLORMEM	= $d800	; unused
	CURRLINE	= $d6
	C82End	= $c776	; ?
	BASWRM	= $e386
	readbytef	= $e0a3	; ?
	BTBGC	= $cb57
	res_prefs	= $dfb
	CMDFlags	= $c005
	AddTLoop	= $c466	; ?
	ReadB0	= $e121	; unused
	_TurboB5	= $e1dc	; unused
	BMPTR	= $8c
	ReadB1	= $e12c	; unused
	_TurboB4	= $e1d2	; unused
	_RY2	= $e99a	; ?
	ReadB2	= $e137	; unused
	ci1end2	= $e2bb
	_TurboB7	= $e1ef	; unused
	CrSr00	= $cb52	; ?
	ReadB3	= $e144	; unused
	_TurboB6	= $e1e4	; unused
	ReadB4	= $e14f	; unused
	TurboExit	= $e22e	; ?
	_TurboB1	= $e1b4	; unused
	_bauds_p	= $3b53	; unused
	PrintRX	= $c109
	ReadB5	= $e15a	; unused
	_BY2	= $e9a3	; ?
	_TurboB0	= $e1aa	; unused
	CmdFE	= $cc5b	; ?
	_sudtmp	= $116b	; ?
	ReadB6	= $e167	; unused
	CalcStop	= $e087	; unused
	_BY1	= $e99f	; ?
	_TurboB3	= $e1c7	; unused
	ReadB7	= $e172	; unused
	GetCoord	= $ec2c	; ?
	_TurboB2	= $e1bc	; unused
	ChkKey	= $c5e3	; unused
	DESTPTR	= $fd
	ReadBytes	= $c573	; unused
	PLOT	= $fff0
	regtable	= $e30c	; ?
	XPOS	= $2ad
	XDES	= $2b1
	IRQEXIT	= $ea81
	IDCMDFD	= $acf
	IDVICEFS	= $ae6
	_bauds	= $3b4d	; ?
	StartCRSR	= $c1be
	SPBYTE	= $c014	; unused
	BUFFER	= $801
	_A	= $ea98	; ?
	VMLO	= $e67b	; ?
	SPLITRST	= $c026
	CLRLINE	= $e9ff
	_bmack	= $c9ce	; ?
	Addr10	= $c6c8	; ?
	VMHI	= $e694	; ?
	_pb2	= $3acc
	ChkTimer2	= $c564	; ?
	ChkTimer1	= $c55c	; ?
	_RESULT	= $eaa1	; ?
	_Y	= $ea9a	; ?
	CRSRTIMER	= $c017
	SIDREG	= $d400
	_EXTRACODE_	= $2c68	; ?
	BlinkEnd	= $c1b0	; ?
	_rc1	= $f2e
	_X	= $ea99	; ?
	CRSRCHAR	= $c019
	SpriteSetup	= $e32f	; ?
	Bit1Is0	= $e02b	; unused
	CHROUT	= $ffd2
	Bit1Is1	= $e02e	; ?
	BMSK	= $e66e	; ?
	Mul161616	= $ea02	; ?
	WinScrollU	= $c43a
	FNL	= $3ff
	SOURCEPTR	= $fb
	pstable	= $db6	; ?
	AddText	= $c45e	; ?
	load_drive	= $dac6	; ?
	Mul161632	= $ea0d	; unused
	buffer_end	= $1ffb
	WaitNoChar	= $c540	; ?
	BlinkCRSR	= $c18c	; ?
	bst10	= $ea2	; ?
	BLOCKPTR	= $c024
	EXTRACODE	= $e000	; unused
