	_bsstart	= $d04a	; ?
	_FDX	= $e767	; ?
	earlysetup	= $37d6	; ?
	SPINDEXOUT	= $c00e	; unused
	READST	= $ffb7
	UBlock	= $cc7	; ?
	CRSRCOLOR	= $c01f
	GETPOS	= $e273
	CHKIN	= $ffc6
	_LIMIT_	= $ceff
	errbuf	= $1381	; ?
	l0	= $63
	_ENDSHADOW_	= $2dac	; ?
	TurboLoop	= $c085
	WTOP	= $c021
	Wait1	= $c157
	_drives	= $e8c	; ?
	_p3f	= $dc4d
	_TMP	= $e867	; ?
	_p1f	= $dc17
	_init_modem	= $389f	; ?
	ENDOFCODE	= $ce0f	; ?
	DlyLoop2	= $86f
	cmd	= $a4f	; ?
	CharOut	= $c2e3	; ?
	DESTADDR	= $b00
	_p5f	= $dc9b
	StopCRSR	= $c233
	SPMUTE	= $e185	; unused
	stack_ptr	= $61
	BORDERCLR	= $c009
	CmdA0	= $cac4
	OPEN	= $ffc0
	CmdA1	= $cacf
	_DATA1	= $12c1	; ?
	CmdA2	= $cada
	CmdA3	= $caed
	CmdA4	= $cb04
	_Yo	= $63
	CmdParTable	= $cdd7	; ?
	pbook0	= $1180	; ?
	pbook1	= $1247	; ?
	READKB	= $f142
	_dosetup	= $b18
	_Yc	= $6b
	dd2	= $c2ff	; ?
	show_rate	= $d4c	; ?
	DOCOLR	= $e2ae
	Received	= $c06b	; ?
	Irq	= $c5d5	; ?
	dd1	= $c307	; ?
	IDString	= $cca7	; ?
	DRVlst	= $a93	; ?
	DlyStart2	= $860
	FILTERED_INPUT	= $edb	; ?
	Mul162432	= $e7e4	; ?
	BITMASK	= $e43b	; ?
	FNAME	= $2a7
	delfname	= $e7b
	DrvDetect	= $966	; ?
	ENDSHADOW	= $dcc1	; ?
	ConfigVIC	= $c116	; unused
	dd4	= $c303	; ?
	Delay16	= $856	; unused
	rb1l	= $c03a
	pfname_e	= $e89
	_fimax	= $fa9	; ?
	GETIN	= $ffe4
	Cmd98	= $c99e
	Cmd99	= $c9af
	udbase	= $c9c	; ?
	STREAMBM	= $c01a
	rb1h	= $c035
	SETLFS	= $ffba
	TRXWait2	= $c0a1	; unused
	BMRECT	= $e479	; ?
	edit_init	= $cff	; ?
	_MAKE_	= $1
	BMCLR	= $e1cd	; ?
	_curdrv	= $e8b	; ?
	pfname_n	= $e85
	_vhh	= $e873
	TRXWait1	= $c096	; unused
	_resp	= $e8f	; ?
	_load_drive	= $e89	; ?
	c84start	= $e00f	; unused
	Cmd90	= $c938
	BMPLOT	= $e305	; ?
	Cmd91	= $c95a
	T232BASE	= $de00
	CLRCHN	= $ffcc
	Cmd92	= $c979
	_vhl	= $e871
	MainPrg	= $c0c9	; ?
	UPBGC	= $cba9	; ?
	bwrite	= $c91	; ?
	ddrive	= $d56	; ?
	SYNCCOL	= $ea24
	TEMPCNT2	= $c023
	TEMPCNT1	= $c006
	NoChar	= $c5cf	; ?
	BBUF	= $600
	_subnull	= $ea29	; ?
	_INTRO_	= $1
	device	= $a4e	; ?
	ReadByte	= $c02e
	NMITRAN	= $fe43	; unused
	DisRTS	= $c053	; unused
	C82Next	= $c7da	; ?
	_sudend	= $dcc1	; ?
	sut1	= $1055	; ?
	SETNAM	= $ffbd
	sut3	= $1139	; ?
	IDQTY	= $9	; ?
	NOADD	= $d3f1	; ?
	TurboRX	= $c073
	sut2	= $112e	; ?
	_cr1	= $d3c
	sut5	= $117c	; ?
	__D	= $63
	T232CONTROL	= $de03
	FG_BG	= $ca03	; ?
	sut4	= $1178	; ?
	match	= $a52	; ?
	_sudata	= $d439	; ?
	_dosetup2	= $b24
	VICREG	= $d000	; unused
	fdrive	= $fad
	cmd_end	= $a52	; ?
	AddTLoop1	= $c4ee	; ?
	DoBpEnd	= $c5c3	; ?
	bsend	= $e8c	; unused
	sut3_	= $1163	; ?
	PRBUFFERCNT	= $c00c
	CHRIN	= $ffcf
	UCRAM	= $c48b	; ?
	ddCtrl	= $c338	; ?
	GetFromPrBuffer	= $c4f5
	_getDY	= $e74b	; ?
	MAXCMD	= $b7
	_getDX	= $e738	; ?
	IDptr	= $ada	; ?
	PrintEnd	= $c28e	; ?
	ID1581	= $aaa
	_Y2	= $e764	; ?
	DRIVES	= $e1c5	; ?
	c84_irq1	= $e000	; ?
	dx	= $6b
	_Y1	= $e763	; ?
	setupdata	= $dbd3	; ?
	fopen	= $fae
	Msg07	= $cd56	; unused
	Msg06	= $cd3a	; ?
	_ellip2	= $e69a	; ?
	ID1541	= $a9b
	Msg05	= $cd01	; ?
	_ellip1	= $e5e5	; ?
	bsave	= $b00	; ?
	PRNINT	= $bdcd
	SendByte	= $c02d	; unused
	_Cmd86	= $d01c	; ?
	_86data	= $d044	; ?
	channel	= $fac
	_m1	= $e81b
	data_bck	= $e65	; ?
	SECLSN	= $ff93
	MAKECRCTABLE	= $d3d6	; ?
	CCOL	= $9e
	cu1	= $c32d	; ?
	_Cmd82	= $c774
	_actrl1	= $c0c5
	b3cancel2	= $cbeb
	TXBYTE	= $c003	; unused
	rcount	= $d0b	; ?
	Ras	= $964	; ?
	cmpstr	= $a1f	; ?
	Credits	= $ccd4	; unused
	Cmd9D	= $ca78
	loadsetup	= $383c	; ?
	Cmd9E	= $ca93
	ce0	= $c337
	_PALSTART_	= $37d6	; unused
	PRSPEED	= $c018
	DELAYTIME	= $965	; ?
	sidwrite	= $e0b5	; unused
	Cmd9A	= $ca06
	Cmd9B	= $ca3b
	WinScroll	= $c491	; ?
	Cmd9C	= $ca56
	a	= $0
	_RX2	= $e763	; ?
	T232COMMAND	= $de02
	SIDSTREAM_SYNC	= $c8ff	; ?
	work_buffer	= $1000
	_SHADOWCODE_	= $20eb	; ?
	CSIZE	= $58
	LISTEN	= $ffb1
	BMTST	= $e338
	_BX2	= $e76d	; ?
	RXBYTE	= $c004
	dsexit	= $c67
	_cursor	= $f71	; ?
	_BX1	= $e769	; ?
	cycle_rates	= $d29	; ?
	UNLSN	= $ffae
	bck_data	= $e4f	; ?
	_START	= $80e	; unused
	T232DATA	= $de00
	_suend	= $dbd2	; ?
	i	= $19
	_OldY	= $e775	; ?
	rechan	= $fc7
	FG_MC1	= $ca04	; ?
	psave	= $ffa	; ?
	AddCoord	= $e9c0	; ?
	BMPAINT	= $e875	; ?
	_acomm1	= $c049
	IDVICE	= $acb
	_acomm2	= $c055
	SETUP	= $c707	; ?
	_acomm3	= $c082
	CODESTART	= $c000	; ?
	EnRTS	= $c047	; unused
	_acomm4	= $c0ba
	Addr00	= $c73b	; ?
	_sustart	= $d43f	; ?
	_acomm5	= $c0c0
	Addr20	= $c743	; ?
	EXTRAEND	= $ea2a	; ?
	_acomm6	= $c527
	_acomm7	= $ccc4
	_PALEND_	= $37d6	; unused
	x	= $1
	VMODE	= $cbab	; ?
	_acomm8	= $ccd0
	y	= $2
	InitSID	= $c1b8	; ?
	C82Loop	= $c7a8
	MCPATT	= $e443	; ?
	Mul161624	= $e7d3	; ?
	DX	= $6d
	DY	= $6f
	AddToPrBuffer	= $c507	; ?
	_MemCpy	= $d000
	plusdx	= $e9a6
	URetry	= $cea	; ?
	BMLINE	= $e354	; ?
	ndrive	= $d32	; ?
	CancelRX	= $c064	; ?
	_adata1	= $c06b
	PRINDEXOUT	= $c010
	SPBUFFERCNT	= $c00b
	CLOSE	= $ffc3
	_adata3	= $c0b3
	EndTimers	= $c5f6	; ?
	_preset5	= $dc9a
	MIRQ	= $949	; ?
	_adata2	= $c0a8
	_preset4	= $dc73
	ExitPrg	= $c51f	; ?
	_adata5	= $ccbf
	_preset3	= $dc4c
	_adata4	= $c6c1
	_preset2	= $dc25
	STREAMCNT	= $c01e
	_preset1	= $dbfe
	ReadString	= $d0d	; ?
	VERSION	= $c027	; unused
	_adata6	= $e0d2	; ?
	_SETUP	= $d401	; ?
	_filter	= $f75	; ?
	_p2f	= $dc40
	_HARDTYPE_	= $26
	RXINDEXOUT	= $c012	; unused
	rate_offs	= $126b	; ?
	_p4f	= $dc74
	y0	= $fe
	BYTECNT	= $61
	_ENDOFCODE_	= $20eb	; ?
	y1	= $69
	y2	= $6a
	ReadBLoop	= $c605
	pdrive	= $d45	; ?
	fclose	= $fbe
	NoSpeech	= $c15f	; unused
	CmdB1	= $cb57
	CmdB0	= $cb2e
	refresh_init	= $ce5	; ?
	CmdB3	= $cbac
	_sudf	= $dbe3
	bst8	= $e5d	; ?
	MOVLINE	= $e9c8
	CmdB2	= $cb91
	suend	= $1293	; unused
	bst9	= $e71	; ?
	IrqB3	= $cbf9	; ?
	CmdB5	= $cc4d
	_Xo	= $61
	CmdB4	= $cc32
	CmdB7	= $cc93
	FLAGS1	= $c00a
	CLRSCRN	= $e544
	CmdB6	= $cc78
	SPON	= $e145	; ?
	bst2	= $dcb	; ?
	_Xc	= $69
	PrintBuffer	= $c252	; ?
	_bmmode	= $ca21	; ?
	bst3	= $dd4	; ?
	ddRev	= $c30b	; ?
	Mul162424	= $e7df	; unused
	bst1	= $d78	; ?
	KRNIRQ	= $ea31
	_astat1	= $c05a
	DIVPOS	= $e249
	bst6	= $de8	; ?
	LINSTRT	= $e9f0
	_ACC1	= $e868	; ?
	UPDCRC	= $cb3	; ?
	bst7	= $e4a	; ?
	C82Addr	= $c7cc	; ?
	_astat3	= $ccc7
	_ACC2	= $e86a	; ?
	bst4	= $de0	; ?
	_astat2	= $c0a1
	bst5	= $de4	; ?
	TIRQ	= $961	; ?
	DIFY	= $62
	SHADOWCODE	= $d000	; unused
	ci1end	= $e0bf	; ?
	DIFX	= $61
	phone_book	= $d59	; ?
	pfname	= $e7e
	RXINDEXIN	= $c013	; unused
	dosetup	= $b00	; ?
	ACIAinit	= $c0be
	ci1exit	= $e081	; ?
	_Plot4	= $e777	; ?
	SIDREGS	= $2a7
	screen_001	= $aef	; ?
	IDSD2IEC	= $ab6
	Cmd84	= $c85d
	_vmh	= $e874	; unused
	Cmd85	= $c900
	A4array	= $ea17	; ?
	_ficount	= $fab	; ?
	Cmd86	= $c928
	MULTIPLY	= $e7ea	; unused
	_im01	= $38b8	; ?
	BITLOOP	= $d3df
	_im00	= $38ae	; ?
	DlyNext2	= $876	; unused
	Cmd80	= $c715
	bst1a	= $d94	; ?
	_DY	= $e76d	; ?
	_vml	= $e872	; unused
	T232STATUS	= $de01
	Cmd81	= $c722
	_DX	= $e769	; ?
	STREAMFLAG	= $c00d
	Cmd82	= $c747
	Blink	= $c1a8	; ?
	Cmd83	= $c801
	KRNPLOT	= $e50a
	DoBeep2	= $c5af	; ?
	udetect	= $8d6	; ?
	_CODESTART_	= $12dc	; ?
	CmdTable	= $cd67	; ?
	PRINDEXIN	= $c011
	GetGfxParms	= $caae	; ?
	suIRQ	= $cdd	; ?
	SPINDEXIN	= $c00f	; unused
	result	= $a53	; ?
	T232ENSPEED	= $de07	; unused
	SpBuffer	= $cf0f	; ?	; unused
	STROUT	= $ab1e
	fibuffer	= $1381	; ?
	Version	= $ccd4	; ?
	_bsend	= $d3d6	; ?
	PrBuffer	= $ce0f	; ?
	Speak	= $c666	; ?
	BMELLIPSE	= $e58d	; ?
	CRC	= $740
	BYTELOOP	= $d3d8
	rebase_acia	= $cc7	; ?
	A4offsets	= $ea0f	; ?
	Flg	= $963	; ?
	MC2	= $ca05	; ?
	_filast	= $faa	; ?
	_sub6	= $ea26	; ?
	chdrive	= $9b5	; ?
	set_prefs	= $eb2	; ?
	_sub5	= $ea24	; ?
	CURRCOLUMN	= $d3
	CRCHI	= $900
	_sub4	= $ea21	; ?
	WaitRX2	= $c05a
	_sub3	= $ea1e	; ?
	RTTReset	= $e0f1	; ?
	_D1	= $e771	; ?
	SNDSTATUS	= $c020
	_sub2	= $ea1c	; ?
	_sub1	= $ea19	; ?
	_sub0	= $ea17	; ?
	IDtmp	= $aee	; ?
	WaitRX1	= $c04c
	CRCLO	= $a00
	_D2	= $e771	; ?
	ddEnd	= $c30d	; ?
	_X1	= $e765	; ?
	YPOS	= $2af
	_EXTRAEND_	= $37d6	; ?
	YDES	= $2b3
	CHKCOL	= $e8cb
	WBOTTOM	= $c022
	ID1570	= $aa0
	b3cancel	= $cbe8	; ?
	ID1571	= $aa5
	C82enable	= $c7a3
	Beep	= $c592	; ?
	IDULTI	= $abd
	ExitIrq	= $c6c4	; ?
	IDPI1541	= $ad3
	PRBYTE	= $c015	; unused
	TIMER1	= $c016
	bcount	= $ce8	; ?
	CURRLINEPTR	= $d1
	rates	= $1257	; ?
	printstring	= $f5a	; ?
	MEMOPEN	= $a3bf
	CHKOUT	= $ffc9
	COLORMEM	= $d800	; unused
	CURRLINE	= $d6
	_RBdelay+2	= $78
	C82End	= $c7e9	; ?
	BASWRM	= $e386
	readbytef	= $c035
	BTBGC	= $cbaa
	res_prefs	= $e8a
	CMDFlags	= $c005
	AddTLoop	= $c4e8	; ?
	BMPTR	= $8c
	_RY2	= $e766	; ?
	ci1end2	= $e087
	CrSr00	= $cba5	; ?
	TurboExit	= $c0b8	; unused
	PrintRX	= $c18b
	_BY2	= $e76f	; ?
	CmdFE	= $cc9e	; ?
	_sudtmp	= $1293	; ?
	_BY1	= $e76b	; ?
	GetCoord	= $e9f8	; ?
	ChkKey	= $c666	; unused
	DESTPTR	= $fd
	ReadBytes	= $c5f6	; unused
	PLOT	= $fff0
	regtable	= $e0d8	; ?
	XPOS	= $2ad
	XDES	= $2b1
	IRQEXIT	= $ea81
	IDCMDFD	= $aaf
	IDVICEFS	= $ac6
	_bauds	= $38d0	; ?
	StartCRSR	= $c240
	SPBYTE	= $c014	; unused
	BUFFER	= $801
	_A	= $e864	; ?
	VMLO	= $e447	; ?
	SPLITRST	= $c026
	CLRLINE	= $e9ff
	_bmack	= $ca35	; ?
	Addr10	= $c73f	; ?
	VMHI	= $e460	; ?
	ChkTimer2	= $c5e7	; ?
	ChkTimer1	= $c5df	; ?
	_RESULT	= $e86d	; ?
	_Y	= $e866	; ?
	CRSRTIMER	= $c017
	SIDREG	= $d400
	_EXTRACODE_	= $2dac	; ?
	BlinkEnd	= $c232	; ?
	_rc1	= $fd8
	_X	= $e865	; ?
	CRSRCHAR	= $c019
	SpriteSetup	= $e0fb	; ?
	SendID	= $ccbf	; ?
	CHROUT	= $ffd2
	BMSK	= $e43a	; ?
	Mul161616	= $e7ce	; ?
	WinScrollU	= $c4bc
	FNL	= $3ff
	SOURCEPTR	= $fb
	pstable	= $e45	; ?
	AddText	= $c4e0	; ?
	_ACIA_ADDR	= $126f	; ?
	load_drive	= $dbd2	; ?
	Mul161632	= $e7d9	; unused
	buffer_end	= $1ffb
	WaitNoChar	= $c5c7	; ?
	BlinkCRSR	= $c20e	; ?
	bst10	= $e86	; ?
	BLOCKPTR	= $c024
	EXTRACODE	= $e000	; unused
